23:06:20.918 INFO [main] org.lenskit.cli.Main: Starting LensKit 3.0-M1 on Java 1.8.0_171 from Oracle Corporation
23:06:20.959 DEBUG [main] org.lenskit.LenskitInfo: have 5573 active revisions
23:06:20.967 DEBUG [main] org.lenskit.cli.Main: Built from Git revision c0210fa3281ef8b15b0959bcd5fced43c5fec38a
23:06:20.967 DEBUG [main] org.lenskit.cli.Main: Using VM 'OpenJDK 64-Bit Server VM' version 25.171-b11 from Oracle Corporation
23:06:20.967 INFO [main] org.lenskit.cli.Main: Have 4 processors and heap limit of 1751 MiB
23:06:20.985 INFO [main] org.lenskit.cli.util.RecommenderLoader: creating fresh recommender
23:06:21.293 INFO [main] org.lenskit.config.ConfigurationLoader: loading script from file:/home/devvindan/Projects/RecommenderSystems/content-based/cbf-assignment/etc/basic.groovy
23:06:21.800 DEBUG [main] org.lenskit.data.dao.file.TextEntitySource: loading source ratings with base URI file:/home/devvindan/Projects/RecommenderSystems/content-based/cbf-assignment/data/movielens.yml
23:06:21.800 DEBUG [main] org.lenskit.data.dao.file.TextEntitySource: resolved file URI: file:/home/devvindan/Projects/RecommenderSystems/content-based/cbf-assignment/data/ratings.csv
23:06:21.810 INFO [main] org.lenskit.data.dao.file.TextEntitySource: loading text file source ratings to read from file:/home/devvindan/Projects/RecommenderSystems/content-based/cbf-assignment/data/ratings.csv
23:06:21.814 DEBUG [main] org.lenskit.data.dao.file.TextEntitySource: ratings: using delimiter ,
23:06:21.814 DEBUG [main] org.lenskit.data.dao.file.TextEntitySource: ratings: reading header
23:06:21.815 DEBUG [main] org.lenskit.data.dao.file.TextEntitySource: ratings: reading entities of type EntityType[rating]
23:06:21.856 DEBUG [main] org.lenskit.data.dao.file.TextEntitySource: class org.lenskit.data.ratings.RatingBuilder: using entity builder {}
23:06:21.857 DEBUG [main] org.lenskit.data.dao.file.TextEntitySource: loading source movies with base URI file:/home/devvindan/Projects/RecommenderSystems/content-based/cbf-assignment/data/movielens.yml
23:06:21.857 DEBUG [main] org.lenskit.data.dao.file.TextEntitySource: resolved file URI: file:/home/devvindan/Projects/RecommenderSystems/content-based/cbf-assignment/data/movies.csv
23:06:21.857 INFO [main] org.lenskit.data.dao.file.TextEntitySource: loading text file source movies to read from file:/home/devvindan/Projects/RecommenderSystems/content-based/cbf-assignment/data/movies.csv
23:06:21.857 DEBUG [main] org.lenskit.data.dao.file.TextEntitySource: movies: using delimiter ,
23:06:21.857 DEBUG [main] org.lenskit.data.dao.file.TextEntitySource: movies: reading header
23:06:21.857 DEBUG [main] org.lenskit.data.dao.file.TextEntitySource: movies: reading entities of type EntityType[item]
23:06:21.857 DEBUG [main] org.lenskit.data.dao.file.TextEntitySource: class org.lenskit.data.entities.BasicEntityBuilder: using entity builder {}
23:06:21.858 DEBUG [main] org.lenskit.data.dao.file.TextEntitySource: loading source tags with base URI file:/home/devvindan/Projects/RecommenderSystems/content-based/cbf-assignment/data/movielens.yml
23:06:21.858 DEBUG [main] org.lenskit.data.dao.file.TextEntitySource: resolved file URI: file:/home/devvindan/Projects/RecommenderSystems/content-based/cbf-assignment/data/tags.csv
23:06:21.858 INFO [main] org.lenskit.data.dao.file.TextEntitySource: loading text file source tags to read from file:/home/devvindan/Projects/RecommenderSystems/content-based/cbf-assignment/data/tags.csv
23:06:21.858 DEBUG [main] org.lenskit.data.dao.file.TextEntitySource: tags: using delimiter ,
23:06:21.858 DEBUG [main] org.lenskit.data.dao.file.TextEntitySource: tags: reading header
23:06:21.858 DEBUG [main] org.lenskit.data.dao.file.TextEntitySource: tags: reading entities of type EntityType[item-tag]
23:06:21.862 DEBUG [main] org.lenskit.data.dao.file.TextEntitySource: class org.lenskit.data.entities.BasicEntityBuilder: using entity builder {}
23:06:21.870 DEBUG [main] org.lenskit.LenskitRecommenderEngineBuilder: building graph from 3 configurations
23:06:21.950 DEBUG [main] org.lenskit.inject.RecommenderInstantiator: replacing nodes in graph with 14 nodes
23:06:21.955 DEBUG [main] org.lenskit.inject.RecommenderInstantiator: found 4 shared nodes
23:06:23.012 INFO [main] org.lenskit.data.dao.file.StaticDataSource: deriving entity type EntityType[user] from EntityType[rating] (column TypedName[user: long])
23:06:23.553 INFO [main] org.lenskit.data.dao.file.StaticDataSource: deriving entity type EntityType[item] from EntityType[rating] (column TypedName[item: long])
23:06:23.595 INFO [main] org.lenskit.data.dao.file.StaticDataSource: deriving entity type EntityType[user] from EntityType[item-tag] (column TypedName[user: long])
23:06:23.623 INFO [main] org.lenskit.data.dao.file.StaticDataSource: deriving entity type EntityType[item] from EntityType[item-tag] (column TypedName[item: long])
23:06:23.647 DEBUG [main] org.lenskit.data.entities.EntityCollectionBuilder: built collection of 2500 entities with type EntityType[item] and 2 indexes
23:06:23.677 DEBUG [main] org.lenskit.data.entities.EntityCollectionBuilder: built collection of 264505 entities with type EntityType[rating] and 2 indexes
23:06:23.689 DEBUG [main] org.lenskit.data.entities.EntityCollectionBuilder: built collection of 94875 entities with type EntityType[item-tag] and 2 indexes
23:06:23.690 DEBUG [main] org.lenskit.data.entities.EntityCollectionBuilder: built collection of 862 entities with type EntityType[user] and 2 indexes
23:06:23.695 INFO [main] org.lenskit.mooc.cbf.TFIDFModelProvider: Building TF-IDF model
23:06:23.790 INFO [main] org.lenskit.mooc.cbf.TFIDFModelProvider: Computed TF vectors for 2500 items
23:06:23.855 DEBUG [main] org.lenskit.inject.RecommenderInstantiator: final graph has 14 nodes
23:06:23.857 INFO [main] org.lenskit.cli.util.RecommenderLoader: built recommender in 1.987 s
23:06:23.865 INFO [main] org.lenskit.cli.commands.Recommend: recommending for 1 users
23:06:23.882 DEBUG [main] org.lenskit.basic.TopNItemRecommender: computing effective candidates for user 320 from 2500 candidates and 62 excluded items
23:06:23.884 DEBUG [main] org.lenskit.basic.TopNItemRecommender: Computing 10 recommendations for user 320 from 2438 candidates
23:06:24.188 INFO [main] org.lenskit.cli.commands.Recommend: recommended for 1 users in 322.2 ms
23:06:24.188 INFO [main] org.lenskit.cli.Main: If you use LensKit in published research, please see http://lenskit.org/research/
