10:19:47.175 INFO [main] org.lenskit.cli.Main: Starting LensKit 3.0-M1 on Java 1.8.0_171 from Oracle Corporation
10:19:47.207 DEBUG [main] org.lenskit.LenskitInfo: have 5573 active revisions
10:19:47.214 DEBUG [main] org.lenskit.cli.Main: Built from Git revision c0210fa3281ef8b15b0959bcd5fced43c5fec38a
10:19:47.214 DEBUG [main] org.lenskit.cli.Main: Using VM 'OpenJDK 64-Bit Server VM' version 25.171-b11 from Oracle Corporation
10:19:47.214 INFO [main] org.lenskit.cli.Main: Have 4 processors and heap limit of 1751 MiB
10:19:47.230 INFO [main] org.lenskit.cli.util.RecommenderLoader: creating fresh recommender
10:19:47.521 INFO [main] org.lenskit.config.ConfigurationLoader: loading script from file:/home/devvindan/Projects/RecommenderSystems/collaborative-filtering/user-user/uu-assignment/etc/user-user.groovy
10:19:47.973 DEBUG [main] org.lenskit.data.dao.file.TextEntitySource: loading source ratings with base URI file:/home/devvindan/Projects/RecommenderSystems/collaborative-filtering/user-user/uu-assignment/data/movielens.yml
10:19:47.973 DEBUG [main] org.lenskit.data.dao.file.TextEntitySource: resolved file URI: file:/home/devvindan/Projects/RecommenderSystems/collaborative-filtering/user-user/uu-assignment/data/ratings.csv
10:19:47.983 INFO [main] org.lenskit.data.dao.file.TextEntitySource: loading text file source ratings to read from file:/home/devvindan/Projects/RecommenderSystems/collaborative-filtering/user-user/uu-assignment/data/ratings.csv
10:19:47.988 DEBUG [main] org.lenskit.data.dao.file.TextEntitySource: ratings: using delimiter ,
10:19:47.988 DEBUG [main] org.lenskit.data.dao.file.TextEntitySource: ratings: reading header
10:19:47.988 DEBUG [main] org.lenskit.data.dao.file.TextEntitySource: ratings: reading entities of type EntityType[rating]
10:19:48.029 DEBUG [main] org.lenskit.data.dao.file.TextEntitySource: class org.lenskit.data.ratings.RatingBuilder: using entity builder {}
10:19:48.029 DEBUG [main] org.lenskit.data.dao.file.TextEntitySource: loading source movies with base URI file:/home/devvindan/Projects/RecommenderSystems/collaborative-filtering/user-user/uu-assignment/data/movielens.yml
10:19:48.029 DEBUG [main] org.lenskit.data.dao.file.TextEntitySource: resolved file URI: file:/home/devvindan/Projects/RecommenderSystems/collaborative-filtering/user-user/uu-assignment/data/movies.csv
10:19:48.029 INFO [main] org.lenskit.data.dao.file.TextEntitySource: loading text file source movies to read from file:/home/devvindan/Projects/RecommenderSystems/collaborative-filtering/user-user/uu-assignment/data/movies.csv
10:19:48.030 DEBUG [main] org.lenskit.data.dao.file.TextEntitySource: movies: using delimiter ,
10:19:48.030 DEBUG [main] org.lenskit.data.dao.file.TextEntitySource: movies: reading header
10:19:48.030 DEBUG [main] org.lenskit.data.dao.file.TextEntitySource: movies: reading entities of type EntityType[item]
10:19:48.030 DEBUG [main] org.lenskit.data.dao.file.TextEntitySource: class org.lenskit.data.entities.BasicEntityBuilder: using entity builder {}
10:19:48.030 DEBUG [main] org.lenskit.data.dao.file.TextEntitySource: loading source tags with base URI file:/home/devvindan/Projects/RecommenderSystems/collaborative-filtering/user-user/uu-assignment/data/movielens.yml
10:19:48.030 DEBUG [main] org.lenskit.data.dao.file.TextEntitySource: resolved file URI: file:/home/devvindan/Projects/RecommenderSystems/collaborative-filtering/user-user/uu-assignment/data/tags.csv
10:19:48.030 INFO [main] org.lenskit.data.dao.file.TextEntitySource: loading text file source tags to read from file:/home/devvindan/Projects/RecommenderSystems/collaborative-filtering/user-user/uu-assignment/data/tags.csv
10:19:48.030 DEBUG [main] org.lenskit.data.dao.file.TextEntitySource: tags: using delimiter ,
10:19:48.031 DEBUG [main] org.lenskit.data.dao.file.TextEntitySource: tags: reading header
10:19:48.031 DEBUG [main] org.lenskit.data.dao.file.TextEntitySource: tags: reading entities of type EntityType[item-tag]
10:19:48.031 DEBUG [main] org.lenskit.data.dao.file.TextEntitySource: class org.lenskit.data.entities.BasicEntityBuilder: using entity builder {}
10:19:48.036 DEBUG [main] org.lenskit.LenskitRecommenderEngineBuilder: building graph from 3 configurations
10:19:48.109 DEBUG [main] org.lenskit.inject.RecommenderInstantiator: replacing nodes in graph with 12 nodes
10:19:48.116 DEBUG [main] org.lenskit.inject.RecommenderInstantiator: found 3 shared nodes
10:19:48.116 DEBUG [main] org.lenskit.inject.RecommenderInstantiator: final graph has 12 nodes
10:19:48.118 INFO [main] org.lenskit.cli.util.RecommenderLoader: built recommender in 81.70 ms
10:19:49.248 INFO [main] org.lenskit.data.dao.file.StaticDataSource: deriving entity type EntityType[user] from EntityType[rating] (column TypedName[user: long])
10:19:49.337 INFO [main] org.lenskit.data.dao.file.StaticDataSource: deriving entity type EntityType[item] from EntityType[rating] (column TypedName[item: long])
10:19:49.848 DEBUG [main] org.lenskit.data.entities.EntityCollectionBuilder: built collection of 2500 entities with type EntityType[item] and 2 indexes
10:19:49.875 DEBUG [main] org.lenskit.data.entities.EntityCollectionBuilder: built collection of 264505 entities with type EntityType[rating] and 2 indexes
10:19:49.892 DEBUG [main] org.lenskit.data.entities.EntityCollectionBuilder: built collection of 94875 entities with type EntityType[item-tag] and 2 indexes
10:19:49.892 DEBUG [main] org.lenskit.data.entities.EntityCollectionBuilder: built collection of 862 entities with type EntityType[user] and 2 indexes
10:19:49.898 INFO [main] org.lenskit.cli.commands.Predict: predicting 4 items
10:19:50.059 INFO [main] org.lenskit.cli.commands.Predict: predicted for 4 items in 161.3 ms
10:19:50.060 INFO [main] org.lenskit.cli.Main: If you use LensKit in published research, please see http://lenskit.org/research/
