10:20:24.104 INFO [main] org.lenskit.cli.Main: Starting LensKit 3.0-M1 on Java 1.8.0_171 from Oracle Corporation
10:20:24.144 DEBUG [main] org.lenskit.LenskitInfo: have 5573 active revisions
10:20:24.151 DEBUG [main] org.lenskit.cli.Main: Built from Git revision c0210fa3281ef8b15b0959bcd5fced43c5fec38a
10:20:24.151 DEBUG [main] org.lenskit.cli.Main: Using VM 'OpenJDK 64-Bit Server VM' version 25.171-b11 from Oracle Corporation
10:20:24.151 INFO [main] org.lenskit.cli.Main: Have 4 processors and heap limit of 1751 MiB
10:20:24.177 INFO [main] org.lenskit.cli.util.RecommenderLoader: creating fresh recommender
10:20:24.477 INFO [main] org.lenskit.config.ConfigurationLoader: loading script from file:/home/devvindan/Projects/RecommenderSystems/collaborative-filtering/user-user/uu-assignment/etc/user-user.groovy
10:20:24.924 DEBUG [main] org.lenskit.data.dao.file.TextEntitySource: loading source ratings with base URI file:/home/devvindan/Projects/RecommenderSystems/collaborative-filtering/user-user/uu-assignment/data/movielens.yml
10:20:24.924 DEBUG [main] org.lenskit.data.dao.file.TextEntitySource: resolved file URI: file:/home/devvindan/Projects/RecommenderSystems/collaborative-filtering/user-user/uu-assignment/data/ratings.csv
10:20:24.934 INFO [main] org.lenskit.data.dao.file.TextEntitySource: loading text file source ratings to read from file:/home/devvindan/Projects/RecommenderSystems/collaborative-filtering/user-user/uu-assignment/data/ratings.csv
10:20:24.940 DEBUG [main] org.lenskit.data.dao.file.TextEntitySource: ratings: using delimiter ,
10:20:24.940 DEBUG [main] org.lenskit.data.dao.file.TextEntitySource: ratings: reading header
10:20:24.940 DEBUG [main] org.lenskit.data.dao.file.TextEntitySource: ratings: reading entities of type EntityType[rating]
10:20:24.984 DEBUG [main] org.lenskit.data.dao.file.TextEntitySource: class org.lenskit.data.ratings.RatingBuilder: using entity builder {}
10:20:24.984 DEBUG [main] org.lenskit.data.dao.file.TextEntitySource: loading source movies with base URI file:/home/devvindan/Projects/RecommenderSystems/collaborative-filtering/user-user/uu-assignment/data/movielens.yml
10:20:24.984 DEBUG [main] org.lenskit.data.dao.file.TextEntitySource: resolved file URI: file:/home/devvindan/Projects/RecommenderSystems/collaborative-filtering/user-user/uu-assignment/data/movies.csv
10:20:24.984 INFO [main] org.lenskit.data.dao.file.TextEntitySource: loading text file source movies to read from file:/home/devvindan/Projects/RecommenderSystems/collaborative-filtering/user-user/uu-assignment/data/movies.csv
10:20:24.984 DEBUG [main] org.lenskit.data.dao.file.TextEntitySource: movies: using delimiter ,
10:20:24.984 DEBUG [main] org.lenskit.data.dao.file.TextEntitySource: movies: reading header
10:20:24.984 DEBUG [main] org.lenskit.data.dao.file.TextEntitySource: movies: reading entities of type EntityType[item]
10:20:24.985 DEBUG [main] org.lenskit.data.dao.file.TextEntitySource: class org.lenskit.data.entities.BasicEntityBuilder: using entity builder {}
10:20:24.985 DEBUG [main] org.lenskit.data.dao.file.TextEntitySource: loading source tags with base URI file:/home/devvindan/Projects/RecommenderSystems/collaborative-filtering/user-user/uu-assignment/data/movielens.yml
10:20:24.985 DEBUG [main] org.lenskit.data.dao.file.TextEntitySource: resolved file URI: file:/home/devvindan/Projects/RecommenderSystems/collaborative-filtering/user-user/uu-assignment/data/tags.csv
10:20:24.985 INFO [main] org.lenskit.data.dao.file.TextEntitySource: loading text file source tags to read from file:/home/devvindan/Projects/RecommenderSystems/collaborative-filtering/user-user/uu-assignment/data/tags.csv
10:20:24.985 DEBUG [main] org.lenskit.data.dao.file.TextEntitySource: tags: using delimiter ,
10:20:24.985 DEBUG [main] org.lenskit.data.dao.file.TextEntitySource: tags: reading header
10:20:24.985 DEBUG [main] org.lenskit.data.dao.file.TextEntitySource: tags: reading entities of type EntityType[item-tag]
10:20:24.986 DEBUG [main] org.lenskit.data.dao.file.TextEntitySource: class org.lenskit.data.entities.BasicEntityBuilder: using entity builder {}
10:20:24.992 DEBUG [main] org.lenskit.LenskitRecommenderEngineBuilder: building graph from 3 configurations
10:20:25.066 DEBUG [main] org.lenskit.inject.RecommenderInstantiator: replacing nodes in graph with 12 nodes
10:20:25.073 DEBUG [main] org.lenskit.inject.RecommenderInstantiator: found 3 shared nodes
10:20:25.074 DEBUG [main] org.lenskit.inject.RecommenderInstantiator: final graph has 12 nodes
10:20:25.075 INFO [main] org.lenskit.cli.util.RecommenderLoader: built recommender in 82.70 ms
10:20:26.237 INFO [main] org.lenskit.data.dao.file.StaticDataSource: deriving entity type EntityType[user] from EntityType[rating] (column TypedName[user: long])
10:20:26.857 INFO [main] org.lenskit.data.dao.file.StaticDataSource: deriving entity type EntityType[item] from EntityType[rating] (column TypedName[item: long])
10:20:26.898 DEBUG [main] org.lenskit.data.entities.EntityCollectionBuilder: built collection of 2500 entities with type EntityType[item] and 2 indexes
10:20:26.925 DEBUG [main] org.lenskit.data.entities.EntityCollectionBuilder: built collection of 264505 entities with type EntityType[rating] and 2 indexes
10:20:26.935 DEBUG [main] org.lenskit.data.entities.EntityCollectionBuilder: built collection of 94875 entities with type EntityType[item-tag] and 2 indexes
10:20:26.936 DEBUG [main] org.lenskit.data.entities.EntityCollectionBuilder: built collection of 862 entities with type EntityType[user] and 2 indexes
10:20:26.945 INFO [main] org.lenskit.cli.commands.Recommend: recommending for 1 users
10:20:26.959 DEBUG [main] org.lenskit.basic.TopNItemRecommender: computing effective candidates for user 320 from 2500 candidates and 62 excluded items
10:20:26.964 DEBUG [main] org.lenskit.basic.TopNItemRecommender: Computing 10 recommendations for user 320 from 2438 candidates
10:20:58.098 INFO [main] org.lenskit.cli.commands.Recommend: recommended for 1 users in 31.15 s
10:20:58.098 INFO [main] org.lenskit.cli.Main: If you use LensKit in published research, please see http://lenskit.org/research/
