13:26:17.435 INFO [main] org.lenskit.cli.Main: Starting LensKit 3.0-M1 on Java 1.8.0_171 from Oracle Corporation
13:26:17.473 DEBUG [main] org.lenskit.LenskitInfo: have 5573 active revisions
13:26:17.481 DEBUG [main] org.lenskit.cli.Main: Built from Git revision c0210fa3281ef8b15b0959bcd5fced43c5fec38a
13:26:17.481 DEBUG [main] org.lenskit.cli.Main: Using VM 'OpenJDK 64-Bit Server VM' version 25.171-b11 from Oracle Corporation
13:26:17.481 INFO [main] org.lenskit.cli.Main: Have 4 processors and heap limit of 1751 MiB
13:26:17.494 INFO [main] org.lenskit.cli.util.RecommenderLoader: creating fresh recommender
13:26:17.811 INFO [main] org.lenskit.config.ConfigurationLoader: loading script from file:/home/devvindan/Projects/RecommenderSystems/nonpers-assignment/etc/mean.groovy
13:26:18.329 DEBUG [main] org.lenskit.data.dao.file.TextEntitySource: loading source ratings with base URI file:/home/devvindan/Projects/RecommenderSystems/nonpers-assignment/data/movielens.yml
13:26:18.330 DEBUG [main] org.lenskit.data.dao.file.TextEntitySource: resolved file URI: file:/home/devvindan/Projects/RecommenderSystems/nonpers-assignment/data/ratings.csv
13:26:18.342 INFO [main] org.lenskit.data.dao.file.TextEntitySource: loading text file source ratings to read from file:/home/devvindan/Projects/RecommenderSystems/nonpers-assignment/data/ratings.csv
13:26:18.348 DEBUG [main] org.lenskit.data.dao.file.TextEntitySource: ratings: using delimiter ,
13:26:18.348 DEBUG [main] org.lenskit.data.dao.file.TextEntitySource: ratings: reading header
13:26:18.348 DEBUG [main] org.lenskit.data.dao.file.TextEntitySource: ratings: reading entities of type EntityType[rating]
13:26:18.397 DEBUG [main] org.lenskit.data.dao.file.TextEntitySource: class org.lenskit.data.ratings.RatingBuilder: using entity builder {}
13:26:18.397 DEBUG [main] org.lenskit.data.dao.file.TextEntitySource: loading source movies with base URI file:/home/devvindan/Projects/RecommenderSystems/nonpers-assignment/data/movielens.yml
13:26:18.397 DEBUG [main] org.lenskit.data.dao.file.TextEntitySource: resolved file URI: file:/home/devvindan/Projects/RecommenderSystems/nonpers-assignment/data/movies.csv
13:26:18.397 INFO [main] org.lenskit.data.dao.file.TextEntitySource: loading text file source movies to read from file:/home/devvindan/Projects/RecommenderSystems/nonpers-assignment/data/movies.csv
13:26:18.397 DEBUG [main] org.lenskit.data.dao.file.TextEntitySource: movies: using delimiter ,
13:26:18.398 DEBUG [main] org.lenskit.data.dao.file.TextEntitySource: movies: reading header
13:26:18.398 DEBUG [main] org.lenskit.data.dao.file.TextEntitySource: movies: reading entities of type EntityType[item]
13:26:18.398 DEBUG [main] org.lenskit.data.dao.file.TextEntitySource: class org.lenskit.data.entities.BasicEntityBuilder: using entity builder {}
13:26:18.398 DEBUG [main] org.lenskit.data.dao.file.TextEntitySource: loading source tags with base URI file:/home/devvindan/Projects/RecommenderSystems/nonpers-assignment/data/movielens.yml
13:26:18.398 DEBUG [main] org.lenskit.data.dao.file.TextEntitySource: resolved file URI: file:/home/devvindan/Projects/RecommenderSystems/nonpers-assignment/data/tags.csv
13:26:18.398 INFO [main] org.lenskit.data.dao.file.TextEntitySource: loading text file source tags to read from file:/home/devvindan/Projects/RecommenderSystems/nonpers-assignment/data/tags.csv
13:26:18.398 DEBUG [main] org.lenskit.data.dao.file.TextEntitySource: tags: using delimiter ,
13:26:18.398 DEBUG [main] org.lenskit.data.dao.file.TextEntitySource: tags: reading header
13:26:18.398 DEBUG [main] org.lenskit.data.dao.file.TextEntitySource: tags: reading entities of type EntityType[item-tag]
13:26:18.399 DEBUG [main] org.lenskit.data.dao.file.TextEntitySource: class org.lenskit.data.entities.BasicEntityBuilder: using entity builder {}
13:26:18.404 DEBUG [main] org.lenskit.LenskitRecommenderEngineBuilder: building graph from 3 configurations
13:26:18.481 DEBUG [main] org.lenskit.inject.RecommenderInstantiator: replacing nodes in graph with 9 nodes
13:26:18.496 DEBUG [main] org.lenskit.inject.RecommenderInstantiator: found 5 shared nodes
13:26:19.798 INFO [main] org.lenskit.data.dao.file.StaticDataSource: deriving entity type EntityType[user] from EntityType[rating] (column TypedName[user: long])
13:26:20.443 INFO [main] org.lenskit.data.dao.file.StaticDataSource: deriving entity type EntityType[item] from EntityType[rating] (column TypedName[item: long])
13:26:20.489 DEBUG [main] org.lenskit.data.entities.EntityCollectionBuilder: built collection of 2500 entities with type EntityType[item] and 2 indexes
13:26:20.525 DEBUG [main] org.lenskit.data.entities.EntityCollectionBuilder: built collection of 264505 entities with type EntityType[rating] and 2 indexes
13:26:20.540 DEBUG [main] org.lenskit.data.entities.EntityCollectionBuilder: built collection of 94875 entities with type EntityType[item-tag] and 2 indexes
13:26:20.541 DEBUG [main] org.lenskit.data.entities.EntityCollectionBuilder: built collection of 862 entities with type EntityType[user] and 2 indexes
13:26:20.631 INFO [main] org.lenskit.mooc.nonpers.mean.ItemMeanModelProvider: computed mean ratings for 2500 items
13:26:20.644 DEBUG [main] org.lenskit.inject.RecommenderInstantiator: final graph has 9 nodes
13:26:20.647 INFO [main] org.lenskit.cli.util.RecommenderLoader: built recommender in 2.242 s
13:26:20.655 INFO [main] org.lenskit.cli.commands.GlobalRecommend: using 0 reference items: []
13:26:20.657 INFO [main] org.lenskit.mooc.nonpers.mean.MeanItemBasedItemRecommender: computing 10 recommendations from 2500 items
13:26:20.678 INFO [main] org.lenskit.cli.commands.GlobalRecommend: recommended in 22.88 ms
13:26:20.679 INFO [main] org.lenskit.cli.Main: If you use LensKit in published research, please see http://lenskit.org/research/
