13:26:38.273 INFO [main] org.lenskit.cli.Main: Starting LensKit 3.0-M1 on Java 1.8.0_171 from Oracle Corporation
13:26:38.303 DEBUG [main] org.lenskit.LenskitInfo: have 5573 active revisions
13:26:38.312 DEBUG [main] org.lenskit.cli.Main: Built from Git revision c0210fa3281ef8b15b0959bcd5fced43c5fec38a
13:26:38.312 DEBUG [main] org.lenskit.cli.Main: Using VM 'OpenJDK 64-Bit Server VM' version 25.171-b11 from Oracle Corporation
13:26:38.312 INFO [main] org.lenskit.cli.Main: Have 4 processors and heap limit of 1751 MiB
13:26:38.330 INFO [main] org.lenskit.cli.util.RecommenderLoader: creating fresh recommender
13:26:38.626 INFO [main] org.lenskit.config.ConfigurationLoader: loading script from file:/home/devvindan/Projects/RecommenderSystems/nonpers-assignment/etc/lift-assoc.groovy
13:26:39.134 DEBUG [main] org.lenskit.data.dao.file.TextEntitySource: loading source ratings with base URI file:/home/devvindan/Projects/RecommenderSystems/nonpers-assignment/data/movielens.yml
13:26:39.134 DEBUG [main] org.lenskit.data.dao.file.TextEntitySource: resolved file URI: file:/home/devvindan/Projects/RecommenderSystems/nonpers-assignment/data/ratings.csv
13:26:39.144 INFO [main] org.lenskit.data.dao.file.TextEntitySource: loading text file source ratings to read from file:/home/devvindan/Projects/RecommenderSystems/nonpers-assignment/data/ratings.csv
13:26:39.152 DEBUG [main] org.lenskit.data.dao.file.TextEntitySource: ratings: using delimiter ,
13:26:39.153 DEBUG [main] org.lenskit.data.dao.file.TextEntitySource: ratings: reading header
13:26:39.153 DEBUG [main] org.lenskit.data.dao.file.TextEntitySource: ratings: reading entities of type EntityType[rating]
13:26:39.198 DEBUG [main] org.lenskit.data.dao.file.TextEntitySource: class org.lenskit.data.ratings.RatingBuilder: using entity builder {}
13:26:39.198 DEBUG [main] org.lenskit.data.dao.file.TextEntitySource: loading source movies with base URI file:/home/devvindan/Projects/RecommenderSystems/nonpers-assignment/data/movielens.yml
13:26:39.198 DEBUG [main] org.lenskit.data.dao.file.TextEntitySource: resolved file URI: file:/home/devvindan/Projects/RecommenderSystems/nonpers-assignment/data/movies.csv
13:26:39.199 INFO [main] org.lenskit.data.dao.file.TextEntitySource: loading text file source movies to read from file:/home/devvindan/Projects/RecommenderSystems/nonpers-assignment/data/movies.csv
13:26:39.199 DEBUG [main] org.lenskit.data.dao.file.TextEntitySource: movies: using delimiter ,
13:26:39.199 DEBUG [main] org.lenskit.data.dao.file.TextEntitySource: movies: reading header
13:26:39.199 DEBUG [main] org.lenskit.data.dao.file.TextEntitySource: movies: reading entities of type EntityType[item]
13:26:39.199 DEBUG [main] org.lenskit.data.dao.file.TextEntitySource: class org.lenskit.data.entities.BasicEntityBuilder: using entity builder {}
13:26:39.199 DEBUG [main] org.lenskit.data.dao.file.TextEntitySource: loading source tags with base URI file:/home/devvindan/Projects/RecommenderSystems/nonpers-assignment/data/movielens.yml
13:26:39.200 DEBUG [main] org.lenskit.data.dao.file.TextEntitySource: resolved file URI: file:/home/devvindan/Projects/RecommenderSystems/nonpers-assignment/data/tags.csv
13:26:39.200 INFO [main] org.lenskit.data.dao.file.TextEntitySource: loading text file source tags to read from file:/home/devvindan/Projects/RecommenderSystems/nonpers-assignment/data/tags.csv
13:26:39.200 DEBUG [main] org.lenskit.data.dao.file.TextEntitySource: tags: using delimiter ,
13:26:39.200 DEBUG [main] org.lenskit.data.dao.file.TextEntitySource: tags: reading header
13:26:39.200 DEBUG [main] org.lenskit.data.dao.file.TextEntitySource: tags: reading entities of type EntityType[item-tag]
13:26:39.200 DEBUG [main] org.lenskit.data.dao.file.TextEntitySource: class org.lenskit.data.entities.BasicEntityBuilder: using entity builder {}
13:26:39.203 DEBUG [main] org.lenskit.LenskitRecommenderEngineBuilder: building graph from 3 configurations
13:26:39.279 DEBUG [main] org.lenskit.inject.RecommenderInstantiator: replacing nodes in graph with 9 nodes
13:26:39.283 DEBUG [main] org.lenskit.inject.RecommenderInstantiator: found 5 shared nodes
13:26:40.908 INFO [main] org.lenskit.data.dao.file.StaticDataSource: deriving entity type EntityType[user] from EntityType[rating] (column TypedName[user: long])
13:26:40.997 INFO [main] org.lenskit.data.dao.file.StaticDataSource: deriving entity type EntityType[item] from EntityType[rating] (column TypedName[item: long])
13:26:41.050 DEBUG [main] org.lenskit.data.entities.EntityCollectionBuilder: built collection of 2500 entities with type EntityType[item] and 2 indexes
13:26:41.082 DEBUG [main] org.lenskit.data.entities.EntityCollectionBuilder: built collection of 264505 entities with type EntityType[rating] and 2 indexes
13:26:41.094 DEBUG [main] org.lenskit.data.entities.EntityCollectionBuilder: built collection of 94875 entities with type EntityType[item-tag] and 2 indexes
13:26:41.095 DEBUG [main] org.lenskit.data.entities.EntityCollectionBuilder: built collection of 862 entities with type EntityType[user] and 2 indexes
13:26:50.984 DEBUG [main] org.lenskit.mooc.nonpers.assoc.AssociationModel: transforming input map for 2500 items into log data
13:26:51.285 DEBUG [main] org.lenskit.inject.RecommenderInstantiator: final graph has 9 nodes
13:26:51.286 INFO [main] org.lenskit.cli.util.RecommenderLoader: built recommender in 12.08 s
13:26:51.290 INFO [main] org.lenskit.cli.commands.GlobalRecommend: using 1 reference items: [2761]
13:26:51.311 INFO [main] org.lenskit.cli.commands.GlobalRecommend: recommended in 20.47 ms
13:26:51.311 INFO [main] org.lenskit.cli.Main: If you use LensKit in published research, please see http://lenskit.org/research/
