13:26:21.097 INFO [main] org.lenskit.cli.Main: Starting LensKit 3.0-M1 on Java 1.8.0_171 from Oracle Corporation
13:26:21.129 DEBUG [main] org.lenskit.LenskitInfo: have 5573 active revisions
13:26:21.135 DEBUG [main] org.lenskit.cli.Main: Built from Git revision c0210fa3281ef8b15b0959bcd5fced43c5fec38a
13:26:21.135 DEBUG [main] org.lenskit.cli.Main: Using VM 'OpenJDK 64-Bit Server VM' version 25.171-b11 from Oracle Corporation
13:26:21.135 INFO [main] org.lenskit.cli.Main: Have 4 processors and heap limit of 1751 MiB
13:26:21.151 INFO [main] org.lenskit.cli.util.RecommenderLoader: creating fresh recommender
13:26:21.445 INFO [main] org.lenskit.config.ConfigurationLoader: loading script from file:/home/devvindan/Projects/RecommenderSystems/nonpers-assignment/etc/damped-mean.groovy
13:26:21.965 DEBUG [main] org.lenskit.data.dao.file.TextEntitySource: loading source ratings with base URI file:/home/devvindan/Projects/RecommenderSystems/nonpers-assignment/data/movielens.yml
13:26:21.965 DEBUG [main] org.lenskit.data.dao.file.TextEntitySource: resolved file URI: file:/home/devvindan/Projects/RecommenderSystems/nonpers-assignment/data/ratings.csv
13:26:21.976 INFO [main] org.lenskit.data.dao.file.TextEntitySource: loading text file source ratings to read from file:/home/devvindan/Projects/RecommenderSystems/nonpers-assignment/data/ratings.csv
13:26:21.984 DEBUG [main] org.lenskit.data.dao.file.TextEntitySource: ratings: using delimiter ,
13:26:21.984 DEBUG [main] org.lenskit.data.dao.file.TextEntitySource: ratings: reading header
13:26:21.984 DEBUG [main] org.lenskit.data.dao.file.TextEntitySource: ratings: reading entities of type EntityType[rating]
13:26:22.029 DEBUG [main] org.lenskit.data.dao.file.TextEntitySource: class org.lenskit.data.ratings.RatingBuilder: using entity builder {}
13:26:22.029 DEBUG [main] org.lenskit.data.dao.file.TextEntitySource: loading source movies with base URI file:/home/devvindan/Projects/RecommenderSystems/nonpers-assignment/data/movielens.yml
13:26:22.029 DEBUG [main] org.lenskit.data.dao.file.TextEntitySource: resolved file URI: file:/home/devvindan/Projects/RecommenderSystems/nonpers-assignment/data/movies.csv
13:26:22.029 INFO [main] org.lenskit.data.dao.file.TextEntitySource: loading text file source movies to read from file:/home/devvindan/Projects/RecommenderSystems/nonpers-assignment/data/movies.csv
13:26:22.029 DEBUG [main] org.lenskit.data.dao.file.TextEntitySource: movies: using delimiter ,
13:26:22.029 DEBUG [main] org.lenskit.data.dao.file.TextEntitySource: movies: reading header
13:26:22.030 DEBUG [main] org.lenskit.data.dao.file.TextEntitySource: movies: reading entities of type EntityType[item]
13:26:22.030 DEBUG [main] org.lenskit.data.dao.file.TextEntitySource: class org.lenskit.data.entities.BasicEntityBuilder: using entity builder {}
13:26:22.030 DEBUG [main] org.lenskit.data.dao.file.TextEntitySource: loading source tags with base URI file:/home/devvindan/Projects/RecommenderSystems/nonpers-assignment/data/movielens.yml
13:26:22.030 DEBUG [main] org.lenskit.data.dao.file.TextEntitySource: resolved file URI: file:/home/devvindan/Projects/RecommenderSystems/nonpers-assignment/data/tags.csv
13:26:22.030 INFO [main] org.lenskit.data.dao.file.TextEntitySource: loading text file source tags to read from file:/home/devvindan/Projects/RecommenderSystems/nonpers-assignment/data/tags.csv
13:26:22.030 DEBUG [main] org.lenskit.data.dao.file.TextEntitySource: tags: using delimiter ,
13:26:22.030 DEBUG [main] org.lenskit.data.dao.file.TextEntitySource: tags: reading header
13:26:22.031 DEBUG [main] org.lenskit.data.dao.file.TextEntitySource: tags: reading entities of type EntityType[item-tag]
13:26:22.031 DEBUG [main] org.lenskit.data.dao.file.TextEntitySource: class org.lenskit.data.entities.BasicEntityBuilder: using entity builder {}
13:26:22.033 DEBUG [main] org.lenskit.LenskitRecommenderEngineBuilder: building graph from 3 configurations
13:26:22.123 DEBUG [main] org.lenskit.inject.RecommenderInstantiator: replacing nodes in graph with 10 nodes
13:26:22.128 DEBUG [main] org.lenskit.inject.RecommenderInstantiator: found 6 shared nodes
13:26:23.086 INFO [main] org.lenskit.data.dao.file.StaticDataSource: deriving entity type EntityType[user] from EntityType[rating] (column TypedName[user: long])
13:26:23.189 INFO [main] org.lenskit.data.dao.file.StaticDataSource: deriving entity type EntityType[item] from EntityType[rating] (column TypedName[item: long])
13:26:23.809 DEBUG [main] org.lenskit.data.entities.EntityCollectionBuilder: built collection of 2500 entities with type EntityType[item] and 2 indexes
13:26:23.838 DEBUG [main] org.lenskit.data.entities.EntityCollectionBuilder: built collection of 264505 entities with type EntityType[rating] and 2 indexes
13:26:23.852 DEBUG [main] org.lenskit.data.entities.EntityCollectionBuilder: built collection of 94875 entities with type EntityType[item-tag] and 2 indexes
13:26:23.853 DEBUG [main] org.lenskit.data.entities.EntityCollectionBuilder: built collection of 862 entities with type EntityType[user] and 2 indexes
13:26:23.971 DEBUG [main] org.lenskit.inject.RecommenderInstantiator: final graph has 10 nodes
13:26:23.973 INFO [main] org.lenskit.cli.util.RecommenderLoader: built recommender in 1.940 s
13:26:23.978 INFO [main] org.lenskit.cli.commands.GlobalRecommend: using 0 reference items: []
13:26:23.979 INFO [main] org.lenskit.mooc.nonpers.mean.MeanItemBasedItemRecommender: computing 10 recommendations from 2500 items
13:26:23.999 INFO [main] org.lenskit.cli.commands.GlobalRecommend: recommended in 21.01 ms
13:26:24.000 INFO [main] org.lenskit.cli.Main: If you use LensKit in published research, please see http://lenskit.org/research/
