13:26:24.389 INFO [main] org.lenskit.cli.Main: Starting LensKit 3.0-M1 on Java 1.8.0_171 from Oracle Corporation
13:26:24.423 DEBUG [main] org.lenskit.LenskitInfo: have 5573 active revisions
13:26:24.430 DEBUG [main] org.lenskit.cli.Main: Built from Git revision c0210fa3281ef8b15b0959bcd5fced43c5fec38a
13:26:24.430 DEBUG [main] org.lenskit.cli.Main: Using VM 'OpenJDK 64-Bit Server VM' version 25.171-b11 from Oracle Corporation
13:26:24.430 INFO [main] org.lenskit.cli.Main: Have 4 processors and heap limit of 1751 MiB
13:26:24.444 INFO [main] org.lenskit.cli.util.RecommenderLoader: creating fresh recommender
13:26:24.752 INFO [main] org.lenskit.config.ConfigurationLoader: loading script from file:/home/devvindan/Projects/RecommenderSystems/nonpers-assignment/etc/simple-assoc.groovy
13:26:25.262 DEBUG [main] org.lenskit.data.dao.file.TextEntitySource: loading source ratings with base URI file:/home/devvindan/Projects/RecommenderSystems/nonpers-assignment/data/movielens.yml
13:26:25.262 DEBUG [main] org.lenskit.data.dao.file.TextEntitySource: resolved file URI: file:/home/devvindan/Projects/RecommenderSystems/nonpers-assignment/data/ratings.csv
13:26:25.272 INFO [main] org.lenskit.data.dao.file.TextEntitySource: loading text file source ratings to read from file:/home/devvindan/Projects/RecommenderSystems/nonpers-assignment/data/ratings.csv
13:26:25.280 DEBUG [main] org.lenskit.data.dao.file.TextEntitySource: ratings: using delimiter ,
13:26:25.281 DEBUG [main] org.lenskit.data.dao.file.TextEntitySource: ratings: reading header
13:26:25.281 DEBUG [main] org.lenskit.data.dao.file.TextEntitySource: ratings: reading entities of type EntityType[rating]
13:26:25.328 DEBUG [main] org.lenskit.data.dao.file.TextEntitySource: class org.lenskit.data.ratings.RatingBuilder: using entity builder {}
13:26:25.329 DEBUG [main] org.lenskit.data.dao.file.TextEntitySource: loading source movies with base URI file:/home/devvindan/Projects/RecommenderSystems/nonpers-assignment/data/movielens.yml
13:26:25.329 DEBUG [main] org.lenskit.data.dao.file.TextEntitySource: resolved file URI: file:/home/devvindan/Projects/RecommenderSystems/nonpers-assignment/data/movies.csv
13:26:25.329 INFO [main] org.lenskit.data.dao.file.TextEntitySource: loading text file source movies to read from file:/home/devvindan/Projects/RecommenderSystems/nonpers-assignment/data/movies.csv
13:26:25.329 DEBUG [main] org.lenskit.data.dao.file.TextEntitySource: movies: using delimiter ,
13:26:25.329 DEBUG [main] org.lenskit.data.dao.file.TextEntitySource: movies: reading header
13:26:25.329 DEBUG [main] org.lenskit.data.dao.file.TextEntitySource: movies: reading entities of type EntityType[item]
13:26:25.329 DEBUG [main] org.lenskit.data.dao.file.TextEntitySource: class org.lenskit.data.entities.BasicEntityBuilder: using entity builder {}
13:26:25.329 DEBUG [main] org.lenskit.data.dao.file.TextEntitySource: loading source tags with base URI file:/home/devvindan/Projects/RecommenderSystems/nonpers-assignment/data/movielens.yml
13:26:25.329 DEBUG [main] org.lenskit.data.dao.file.TextEntitySource: resolved file URI: file:/home/devvindan/Projects/RecommenderSystems/nonpers-assignment/data/tags.csv
13:26:25.330 INFO [main] org.lenskit.data.dao.file.TextEntitySource: loading text file source tags to read from file:/home/devvindan/Projects/RecommenderSystems/nonpers-assignment/data/tags.csv
13:26:25.330 DEBUG [main] org.lenskit.data.dao.file.TextEntitySource: tags: using delimiter ,
13:26:25.330 DEBUG [main] org.lenskit.data.dao.file.TextEntitySource: tags: reading header
13:26:25.330 DEBUG [main] org.lenskit.data.dao.file.TextEntitySource: tags: reading entities of type EntityType[item-tag]
13:26:25.330 DEBUG [main] org.lenskit.data.dao.file.TextEntitySource: class org.lenskit.data.entities.BasicEntityBuilder: using entity builder {}
13:26:25.332 DEBUG [main] org.lenskit.LenskitRecommenderEngineBuilder: building graph from 3 configurations
13:26:25.401 DEBUG [main] org.lenskit.inject.RecommenderInstantiator: replacing nodes in graph with 9 nodes
13:26:25.406 DEBUG [main] org.lenskit.inject.RecommenderInstantiator: found 5 shared nodes
13:26:26.986 INFO [main] org.lenskit.data.dao.file.StaticDataSource: deriving entity type EntityType[user] from EntityType[rating] (column TypedName[user: long])
13:26:27.121 INFO [main] org.lenskit.data.dao.file.StaticDataSource: deriving entity type EntityType[item] from EntityType[rating] (column TypedName[item: long])
13:26:27.181 DEBUG [main] org.lenskit.data.entities.EntityCollectionBuilder: built collection of 2500 entities with type EntityType[item] and 2 indexes
13:26:27.212 DEBUG [main] org.lenskit.data.entities.EntityCollectionBuilder: built collection of 264505 entities with type EntityType[rating] and 2 indexes
13:26:27.227 DEBUG [main] org.lenskit.data.entities.EntityCollectionBuilder: built collection of 94875 entities with type EntityType[item-tag] and 2 indexes
13:26:27.228 DEBUG [main] org.lenskit.data.entities.EntityCollectionBuilder: built collection of 862 entities with type EntityType[user] and 2 indexes
13:26:37.505 DEBUG [main] org.lenskit.mooc.nonpers.assoc.AssociationModel: transforming input map for 2500 items into log data
13:26:37.816 DEBUG [main] org.lenskit.inject.RecommenderInstantiator: final graph has 9 nodes
13:26:37.817 INFO [main] org.lenskit.cli.util.RecommenderLoader: built recommender in 12.48 s
13:26:37.821 INFO [main] org.lenskit.cli.commands.GlobalRecommend: using 1 reference items: [260]
13:26:37.841 INFO [main] org.lenskit.cli.commands.GlobalRecommend: recommended in 19.45 ms
13:26:37.841 INFO [main] org.lenskit.cli.Main: If you use LensKit in published research, please see http://lenskit.org/research/
