22:39:26.946 INFO [main] org.lenskit.cli.Main: Starting LensKit 3.0-M1 on Java 1.8.0_171 from Oracle Corporation
22:39:26.980 DEBUG [main] org.lenskit.LenskitInfo: have 5573 active revisions
22:39:26.987 DEBUG [main] org.lenskit.cli.Main: Built from Git revision c0210fa3281ef8b15b0959bcd5fced43c5fec38a
22:39:26.987 DEBUG [main] org.lenskit.cli.Main: Using VM 'OpenJDK 64-Bit Server VM' version 25.171-b11 from Oracle Corporation
22:39:26.987 INFO [main] org.lenskit.cli.Main: Have 4 processors and heap limit of 1751 MiB
22:39:27.001 INFO [main] org.lenskit.cli.util.RecommenderLoader: creating fresh recommender
22:39:27.313 INFO [main] org.lenskit.config.ConfigurationLoader: loading script from file:/home/devvindan/Projects/RecommenderSystems/collaborative-filtering/item-item/ii-assignment/etc/item-item.groovy
22:39:27.783 DEBUG [main] org.lenskit.data.dao.file.TextEntitySource: loading source ratings with base URI file:/home/devvindan/Projects/RecommenderSystems/collaborative-filtering/item-item/ii-assignment/data/movielens.yml
22:39:27.783 DEBUG [main] org.lenskit.data.dao.file.TextEntitySource: resolved file URI: file:/home/devvindan/Projects/RecommenderSystems/collaborative-filtering/item-item/ii-assignment/data/ratings.csv
22:39:27.793 INFO [main] org.lenskit.data.dao.file.TextEntitySource: loading text file source ratings to read from file:/home/devvindan/Projects/RecommenderSystems/collaborative-filtering/item-item/ii-assignment/data/ratings.csv
22:39:27.799 DEBUG [main] org.lenskit.data.dao.file.TextEntitySource: ratings: using delimiter ,
22:39:27.799 DEBUG [main] org.lenskit.data.dao.file.TextEntitySource: ratings: reading header
22:39:27.799 DEBUG [main] org.lenskit.data.dao.file.TextEntitySource: ratings: reading entities of type EntityType[rating]
22:39:27.845 DEBUG [main] org.lenskit.data.dao.file.TextEntitySource: class org.lenskit.data.ratings.RatingBuilder: using entity builder {}
22:39:27.845 DEBUG [main] org.lenskit.data.dao.file.TextEntitySource: loading source movies with base URI file:/home/devvindan/Projects/RecommenderSystems/collaborative-filtering/item-item/ii-assignment/data/movielens.yml
22:39:27.845 DEBUG [main] org.lenskit.data.dao.file.TextEntitySource: resolved file URI: file:/home/devvindan/Projects/RecommenderSystems/collaborative-filtering/item-item/ii-assignment/data/movies.csv
22:39:27.845 INFO [main] org.lenskit.data.dao.file.TextEntitySource: loading text file source movies to read from file:/home/devvindan/Projects/RecommenderSystems/collaborative-filtering/item-item/ii-assignment/data/movies.csv
22:39:27.845 DEBUG [main] org.lenskit.data.dao.file.TextEntitySource: movies: using delimiter ,
22:39:27.845 DEBUG [main] org.lenskit.data.dao.file.TextEntitySource: movies: reading header
22:39:27.845 DEBUG [main] org.lenskit.data.dao.file.TextEntitySource: movies: reading entities of type EntityType[item]
22:39:27.846 DEBUG [main] org.lenskit.data.dao.file.TextEntitySource: class org.lenskit.data.entities.BasicEntityBuilder: using entity builder {}
22:39:27.846 DEBUG [main] org.lenskit.data.dao.file.TextEntitySource: loading source tags with base URI file:/home/devvindan/Projects/RecommenderSystems/collaborative-filtering/item-item/ii-assignment/data/movielens.yml
22:39:27.846 DEBUG [main] org.lenskit.data.dao.file.TextEntitySource: resolved file URI: file:/home/devvindan/Projects/RecommenderSystems/collaborative-filtering/item-item/ii-assignment/data/tags.csv
22:39:27.846 INFO [main] org.lenskit.data.dao.file.TextEntitySource: loading text file source tags to read from file:/home/devvindan/Projects/RecommenderSystems/collaborative-filtering/item-item/ii-assignment/data/tags.csv
22:39:27.846 DEBUG [main] org.lenskit.data.dao.file.TextEntitySource: tags: using delimiter ,
22:39:27.846 DEBUG [main] org.lenskit.data.dao.file.TextEntitySource: tags: reading header
22:39:27.846 DEBUG [main] org.lenskit.data.dao.file.TextEntitySource: tags: reading entities of type EntityType[item-tag]
22:39:27.847 DEBUG [main] org.lenskit.data.dao.file.TextEntitySource: class org.lenskit.data.entities.BasicEntityBuilder: using entity builder {}
22:39:27.852 DEBUG [main] org.lenskit.LenskitRecommenderEngineBuilder: building graph from 3 configurations
22:39:27.945 DEBUG [main] org.lenskit.inject.RecommenderInstantiator: replacing nodes in graph with 13 nodes
22:39:27.952 DEBUG [main] org.lenskit.inject.RecommenderInstantiator: found 2 shared nodes
22:39:28.915 INFO [main] org.lenskit.data.dao.file.StaticDataSource: deriving entity type EntityType[user] from EntityType[rating] (column TypedName[user: long])
22:39:29.463 INFO [main] org.lenskit.data.dao.file.StaticDataSource: deriving entity type EntityType[item] from EntityType[rating] (column TypedName[item: long])
22:39:29.498 DEBUG [main] org.lenskit.data.entities.EntityCollectionBuilder: built collection of 2500 entities with type EntityType[item] and 2 indexes
22:39:29.528 DEBUG [main] org.lenskit.data.entities.EntityCollectionBuilder: built collection of 264505 entities with type EntityType[rating] and 2 indexes
22:39:29.539 DEBUG [main] org.lenskit.data.entities.EntityCollectionBuilder: built collection of 94875 entities with type EntityType[item-tag] and 2 indexes
22:39:29.540 DEBUG [main] org.lenskit.data.entities.EntityCollectionBuilder: built collection of 862 entities with type EntityType[user] and 2 indexes
22:40:01.828 DEBUG [main] org.lenskit.inject.RecommenderInstantiator: final graph has 13 nodes
22:40:01.829 INFO [main] org.lenskit.cli.util.RecommenderLoader: built recommender in 33.98 s
22:40:01.834 INFO [main] org.lenskit.cli.commands.GlobalRecommend: using 4 reference items: [260, 153, 527, 588]
22:40:01.857 INFO [main] org.lenskit.cli.commands.GlobalRecommend: recommended in 22.56 ms
22:40:01.857 INFO [main] org.lenskit.cli.Main: If you use LensKit in published research, please see http://lenskit.org/research/
