22:33:01.114 INFO [main] org.lenskit.cli.Main: Starting LensKit 3.0-M1 on Java 1.8.0_171 from Oracle Corporation
22:33:01.144 DEBUG [main] org.lenskit.LenskitInfo: have 5573 active revisions
22:33:01.150 DEBUG [main] org.lenskit.cli.Main: Built from Git revision c0210fa3281ef8b15b0959bcd5fced43c5fec38a
22:33:01.151 DEBUG [main] org.lenskit.cli.Main: Using VM 'OpenJDK 64-Bit Server VM' version 25.171-b11 from Oracle Corporation
22:33:01.151 INFO [main] org.lenskit.cli.Main: Have 4 processors and heap limit of 1751 MiB
22:33:01.165 INFO [main] org.lenskit.cli.util.RecommenderLoader: creating fresh recommender
22:33:01.443 INFO [main] org.lenskit.config.ConfigurationLoader: loading script from file:/home/devvindan/Projects/RecommenderSystems/collaborative-filtering/item-item/ii-assignment/etc/item-item.groovy
22:33:01.900 DEBUG [main] org.lenskit.data.dao.file.TextEntitySource: loading source ratings with base URI file:/home/devvindan/Projects/RecommenderSystems/collaborative-filtering/item-item/ii-assignment/data/movielens.yml
22:33:01.900 DEBUG [main] org.lenskit.data.dao.file.TextEntitySource: resolved file URI: file:/home/devvindan/Projects/RecommenderSystems/collaborative-filtering/item-item/ii-assignment/data/ratings.csv
22:33:01.908 INFO [main] org.lenskit.data.dao.file.TextEntitySource: loading text file source ratings to read from file:/home/devvindan/Projects/RecommenderSystems/collaborative-filtering/item-item/ii-assignment/data/ratings.csv
22:33:01.916 DEBUG [main] org.lenskit.data.dao.file.TextEntitySource: ratings: using delimiter ,
22:33:01.916 DEBUG [main] org.lenskit.data.dao.file.TextEntitySource: ratings: reading header
22:33:01.916 DEBUG [main] org.lenskit.data.dao.file.TextEntitySource: ratings: reading entities of type EntityType[rating]
22:33:01.959 DEBUG [main] org.lenskit.data.dao.file.TextEntitySource: class org.lenskit.data.ratings.RatingBuilder: using entity builder {}
22:33:01.959 DEBUG [main] org.lenskit.data.dao.file.TextEntitySource: loading source movies with base URI file:/home/devvindan/Projects/RecommenderSystems/collaborative-filtering/item-item/ii-assignment/data/movielens.yml
22:33:01.959 DEBUG [main] org.lenskit.data.dao.file.TextEntitySource: resolved file URI: file:/home/devvindan/Projects/RecommenderSystems/collaborative-filtering/item-item/ii-assignment/data/movies.csv
22:33:01.959 INFO [main] org.lenskit.data.dao.file.TextEntitySource: loading text file source movies to read from file:/home/devvindan/Projects/RecommenderSystems/collaborative-filtering/item-item/ii-assignment/data/movies.csv
22:33:01.960 DEBUG [main] org.lenskit.data.dao.file.TextEntitySource: movies: using delimiter ,
22:33:01.960 DEBUG [main] org.lenskit.data.dao.file.TextEntitySource: movies: reading header
22:33:01.960 DEBUG [main] org.lenskit.data.dao.file.TextEntitySource: movies: reading entities of type EntityType[item]
22:33:01.960 DEBUG [main] org.lenskit.data.dao.file.TextEntitySource: class org.lenskit.data.entities.BasicEntityBuilder: using entity builder {}
22:33:01.960 DEBUG [main] org.lenskit.data.dao.file.TextEntitySource: loading source tags with base URI file:/home/devvindan/Projects/RecommenderSystems/collaborative-filtering/item-item/ii-assignment/data/movielens.yml
22:33:01.960 DEBUG [main] org.lenskit.data.dao.file.TextEntitySource: resolved file URI: file:/home/devvindan/Projects/RecommenderSystems/collaborative-filtering/item-item/ii-assignment/data/tags.csv
22:33:01.960 INFO [main] org.lenskit.data.dao.file.TextEntitySource: loading text file source tags to read from file:/home/devvindan/Projects/RecommenderSystems/collaborative-filtering/item-item/ii-assignment/data/tags.csv
22:33:01.961 DEBUG [main] org.lenskit.data.dao.file.TextEntitySource: tags: using delimiter ,
22:33:01.961 DEBUG [main] org.lenskit.data.dao.file.TextEntitySource: tags: reading header
22:33:01.961 DEBUG [main] org.lenskit.data.dao.file.TextEntitySource: tags: reading entities of type EntityType[item-tag]
22:33:01.961 DEBUG [main] org.lenskit.data.dao.file.TextEntitySource: class org.lenskit.data.entities.BasicEntityBuilder: using entity builder {}
22:33:01.968 DEBUG [main] org.lenskit.LenskitRecommenderEngineBuilder: building graph from 3 configurations
22:33:02.046 DEBUG [main] org.lenskit.inject.RecommenderInstantiator: replacing nodes in graph with 13 nodes
22:33:02.053 DEBUG [main] org.lenskit.inject.RecommenderInstantiator: found 2 shared nodes
22:33:03.348 INFO [main] org.lenskit.data.dao.file.StaticDataSource: deriving entity type EntityType[user] from EntityType[rating] (column TypedName[user: long])
22:33:03.430 INFO [main] org.lenskit.data.dao.file.StaticDataSource: deriving entity type EntityType[item] from EntityType[rating] (column TypedName[item: long])
22:33:03.476 DEBUG [main] org.lenskit.data.entities.EntityCollectionBuilder: built collection of 2500 entities with type EntityType[item] and 2 indexes
22:33:03.506 DEBUG [main] org.lenskit.data.entities.EntityCollectionBuilder: built collection of 264505 entities with type EntityType[rating] and 2 indexes
22:33:03.518 DEBUG [main] org.lenskit.data.entities.EntityCollectionBuilder: built collection of 94875 entities with type EntityType[item-tag] and 2 indexes
22:33:03.519 DEBUG [main] org.lenskit.data.entities.EntityCollectionBuilder: built collection of 862 entities with type EntityType[user] and 2 indexes
22:33:35.877 DEBUG [main] org.lenskit.inject.RecommenderInstantiator: final graph has 13 nodes
22:33:35.879 INFO [main] org.lenskit.cli.util.RecommenderLoader: built recommender in 33.91 s
22:33:35.886 INFO [main] org.lenskit.cli.commands.Predict: predicting 4 items
22:33:35.902 INFO [main] org.lenskit.cli.commands.Predict: predicted for 4 items in 16.26 ms
22:33:35.903 INFO [main] org.lenskit.cli.Main: If you use LensKit in published research, please see http://lenskit.org/research/
