22:33:36.295 INFO [main] org.lenskit.cli.Main: Starting LensKit 3.0-M1 on Java 1.8.0_171 from Oracle Corporation
22:33:36.328 DEBUG [main] org.lenskit.LenskitInfo: have 5573 active revisions
22:33:36.333 DEBUG [main] org.lenskit.cli.Main: Built from Git revision c0210fa3281ef8b15b0959bcd5fced43c5fec38a
22:33:36.333 DEBUG [main] org.lenskit.cli.Main: Using VM 'OpenJDK 64-Bit Server VM' version 25.171-b11 from Oracle Corporation
22:33:36.333 INFO [main] org.lenskit.cli.Main: Have 4 processors and heap limit of 1751 MiB
22:33:36.346 INFO [main] org.lenskit.cli.util.RecommenderLoader: creating fresh recommender
22:33:36.621 INFO [main] org.lenskit.config.ConfigurationLoader: loading script from file:/home/devvindan/Projects/RecommenderSystems/collaborative-filtering/item-item/ii-assignment/etc/item-item.groovy
22:33:37.074 DEBUG [main] org.lenskit.data.dao.file.TextEntitySource: loading source ratings with base URI file:/home/devvindan/Projects/RecommenderSystems/collaborative-filtering/item-item/ii-assignment/data/movielens.yml
22:33:37.074 DEBUG [main] org.lenskit.data.dao.file.TextEntitySource: resolved file URI: file:/home/devvindan/Projects/RecommenderSystems/collaborative-filtering/item-item/ii-assignment/data/ratings.csv
22:33:37.082 INFO [main] org.lenskit.data.dao.file.TextEntitySource: loading text file source ratings to read from file:/home/devvindan/Projects/RecommenderSystems/collaborative-filtering/item-item/ii-assignment/data/ratings.csv
22:33:37.090 DEBUG [main] org.lenskit.data.dao.file.TextEntitySource: ratings: using delimiter ,
22:33:37.090 DEBUG [main] org.lenskit.data.dao.file.TextEntitySource: ratings: reading header
22:33:37.090 DEBUG [main] org.lenskit.data.dao.file.TextEntitySource: ratings: reading entities of type EntityType[rating]
22:33:37.132 DEBUG [main] org.lenskit.data.dao.file.TextEntitySource: class org.lenskit.data.ratings.RatingBuilder: using entity builder {}
22:33:37.132 DEBUG [main] org.lenskit.data.dao.file.TextEntitySource: loading source movies with base URI file:/home/devvindan/Projects/RecommenderSystems/collaborative-filtering/item-item/ii-assignment/data/movielens.yml
22:33:37.132 DEBUG [main] org.lenskit.data.dao.file.TextEntitySource: resolved file URI: file:/home/devvindan/Projects/RecommenderSystems/collaborative-filtering/item-item/ii-assignment/data/movies.csv
22:33:37.133 INFO [main] org.lenskit.data.dao.file.TextEntitySource: loading text file source movies to read from file:/home/devvindan/Projects/RecommenderSystems/collaborative-filtering/item-item/ii-assignment/data/movies.csv
22:33:37.133 DEBUG [main] org.lenskit.data.dao.file.TextEntitySource: movies: using delimiter ,
22:33:37.133 DEBUG [main] org.lenskit.data.dao.file.TextEntitySource: movies: reading header
22:33:37.133 DEBUG [main] org.lenskit.data.dao.file.TextEntitySource: movies: reading entities of type EntityType[item]
22:33:37.133 DEBUG [main] org.lenskit.data.dao.file.TextEntitySource: class org.lenskit.data.entities.BasicEntityBuilder: using entity builder {}
22:33:37.133 DEBUG [main] org.lenskit.data.dao.file.TextEntitySource: loading source tags with base URI file:/home/devvindan/Projects/RecommenderSystems/collaborative-filtering/item-item/ii-assignment/data/movielens.yml
22:33:37.133 DEBUG [main] org.lenskit.data.dao.file.TextEntitySource: resolved file URI: file:/home/devvindan/Projects/RecommenderSystems/collaborative-filtering/item-item/ii-assignment/data/tags.csv
22:33:37.134 INFO [main] org.lenskit.data.dao.file.TextEntitySource: loading text file source tags to read from file:/home/devvindan/Projects/RecommenderSystems/collaborative-filtering/item-item/ii-assignment/data/tags.csv
22:33:37.134 DEBUG [main] org.lenskit.data.dao.file.TextEntitySource: tags: using delimiter ,
22:33:37.134 DEBUG [main] org.lenskit.data.dao.file.TextEntitySource: tags: reading header
22:33:37.134 DEBUG [main] org.lenskit.data.dao.file.TextEntitySource: tags: reading entities of type EntityType[item-tag]
22:33:37.134 DEBUG [main] org.lenskit.data.dao.file.TextEntitySource: class org.lenskit.data.entities.BasicEntityBuilder: using entity builder {}
22:33:37.140 DEBUG [main] org.lenskit.LenskitRecommenderEngineBuilder: building graph from 3 configurations
22:33:37.213 DEBUG [main] org.lenskit.inject.RecommenderInstantiator: replacing nodes in graph with 13 nodes
22:33:37.219 DEBUG [main] org.lenskit.inject.RecommenderInstantiator: found 2 shared nodes
22:33:38.665 INFO [main] org.lenskit.data.dao.file.StaticDataSource: deriving entity type EntityType[user] from EntityType[rating] (column TypedName[user: long])
22:33:38.752 INFO [main] org.lenskit.data.dao.file.StaticDataSource: deriving entity type EntityType[item] from EntityType[rating] (column TypedName[item: long])
22:33:38.788 DEBUG [main] org.lenskit.data.entities.EntityCollectionBuilder: built collection of 2500 entities with type EntityType[item] and 2 indexes
22:33:38.813 DEBUG [main] org.lenskit.data.entities.EntityCollectionBuilder: built collection of 264505 entities with type EntityType[rating] and 2 indexes
22:33:38.827 DEBUG [main] org.lenskit.data.entities.EntityCollectionBuilder: built collection of 94875 entities with type EntityType[item-tag] and 2 indexes
22:33:38.828 DEBUG [main] org.lenskit.data.entities.EntityCollectionBuilder: built collection of 862 entities with type EntityType[user] and 2 indexes
22:34:09.331 DEBUG [main] org.lenskit.inject.RecommenderInstantiator: final graph has 13 nodes
22:34:09.333 INFO [main] org.lenskit.cli.util.RecommenderLoader: built recommender in 32.19 s
22:34:09.339 INFO [main] org.lenskit.cli.commands.Recommend: recommending for 1 users
22:34:09.343 DEBUG [main] org.lenskit.basic.TopNItemRecommender: computing effective candidates for user 320 from 2500 candidates and 62 excluded items
22:34:09.345 DEBUG [main] org.lenskit.basic.TopNItemRecommender: Computing 10 recommendations for user 320 from 2438 candidates
22:34:10.403 INFO [main] org.lenskit.cli.commands.Recommend: recommended for 1 users in 1.064 s
22:34:10.403 INFO [main] org.lenskit.cli.Main: If you use LensKit in published research, please see http://lenskit.org/research/
